2022-09-22 04:29:59,188 INFO 29383 [Job#16637921991872446856557275001] /Users/zhenhao/Desktop/EggMessageBoard/node_modules/egg-multipart/app/schedule/clean_tmpdir.js executing by app
2022-09-22 04:29:59,202 INFO 29383 [Job#16637921991872446856557275001] /Users/zhenhao/Desktop/EggMessageBoard/node_modules/egg-multipart/app/schedule/clean_tmpdir.js execute succeed, used 14ms. 
2022-09-22 04:29:59,192 INFO 28295 [Timer] /Users/zhenhao/Desktop/EggMessageBoard/node_modules/egg-multipart/app/schedule/clean_tmpdir.js next time will execute after 86400813ms at 2022-09-23 04:30:00.005
2022-09-22 09:42:49,936 INFO 31432 [egg-schedule]: register schedule /Users/zhenhao/Desktop/EggMessageBoard/node_modules/egg-multipart/app/schedule/clean_tmpdir.js
2022-09-22 09:42:49,936 INFO 31432 [egg-schedule]: register schedule /Users/zhenhao/Desktop/EggMessageBoard/node_modules/egg-logrotator/app/schedule/clean_log.js
2022-09-22 09:42:49,936 INFO 31432 [egg-schedule]: register schedule /Users/zhenhao/Desktop/EggMessageBoard/node_modules/egg-logrotator/app/schedule/rotate_by_file.js
2022-09-22 09:42:57,000 INFO 31440 [egg-schedule]: register schedule /Users/zhenhao/Desktop/EggMessageBoard/node_modules/egg-multipart/app/schedule/clean_tmpdir.js
2022-09-22 09:42:57,000 INFO 31440 [egg-schedule]: register schedule /Users/zhenhao/Desktop/EggMessageBoard/node_modules/egg-logrotator/app/schedule/clean_log.js
2022-09-22 09:42:57,000 INFO 31440 [egg-schedule]: register schedule /Users/zhenhao/Desktop/EggMessageBoard/node_modules/egg-logrotator/app/schedule/rotate_by_file.js
2022-09-22 09:42:58,855 INFO 31441 [egg-schedule]: register schedule /Users/zhenhao/Desktop/EggMessageBoard/node_modules/egg-multipart/app/schedule/clean_tmpdir.js
2022-09-22 09:42:58,855 INFO 31441 [egg-schedule]: register schedule /Users/zhenhao/Desktop/EggMessageBoard/node_modules/egg-logrotator/app/schedule/clean_log.js
2022-09-22 09:42:58,855 INFO 31441 [egg-schedule]: register schedule /Users/zhenhao/Desktop/EggMessageBoard/node_modules/egg-logrotator/app/schedule/rotate_by_file.js
2022-09-22 09:43:00,160 INFO 31442 [egg-schedule]: register schedule /Users/zhenhao/Desktop/EggMessageBoard/node_modules/egg-multipart/app/schedule/clean_tmpdir.js
2022-09-22 09:43:00,160 INFO 31442 [egg-schedule]: register schedule /Users/zhenhao/Desktop/EggMessageBoard/node_modules/egg-logrotator/app/schedule/clean_log.js
2022-09-22 09:43:00,160 INFO 31442 [egg-schedule]: register schedule /Users/zhenhao/Desktop/EggMessageBoard/node_modules/egg-logrotator/app/schedule/rotate_by_file.js
2022-09-22 09:44:41,453 INFO 31462 [egg-schedule]: register schedule /Users/zhenhao/Desktop/EggMessageBoard/node_modules/egg-multipart/app/schedule/clean_tmpdir.js
2022-09-22 09:44:41,453 INFO 31462 [egg-schedule]: register schedule /Users/zhenhao/Desktop/EggMessageBoard/node_modules/egg-logrotator/app/schedule/clean_log.js
2022-09-22 09:44:41,453 INFO 31462 [egg-schedule]: register schedule /Users/zhenhao/Desktop/EggMessageBoard/node_modules/egg-logrotator/app/schedule/rotate_by_file.js
2022-09-22 09:44:44,946 INFO 31470 [egg-schedule]: register schedule /Users/zhenhao/Desktop/EggMessageBoard/node_modules/egg-multipart/app/schedule/clean_tmpdir.js
2022-09-22 09:44:44,946 INFO 31470 [egg-schedule]: register schedule /Users/zhenhao/Desktop/EggMessageBoard/node_modules/egg-logrotator/app/schedule/clean_log.js
2022-09-22 09:44:44,947 INFO 31470 [egg-schedule]: register schedule /Users/zhenhao/Desktop/EggMessageBoard/node_modules/egg-logrotator/app/schedule/rotate_by_file.js
2022-09-22 09:44:46,931 INFO 31471 [egg-schedule]: register schedule /Users/zhenhao/Desktop/EggMessageBoard/node_modules/egg-multipart/app/schedule/clean_tmpdir.js
2022-09-22 09:44:46,931 INFO 31471 [egg-schedule]: register schedule /Users/zhenhao/Desktop/EggMessageBoard/node_modules/egg-logrotator/app/schedule/clean_log.js
2022-09-22 09:44:46,931 INFO 31471 [egg-schedule]: register schedule /Users/zhenhao/Desktop/EggMessageBoard/node_modules/egg-logrotator/app/schedule/rotate_by_file.js
2022-09-22 09:44:51,787 INFO 31474 [egg-schedule]: register schedule /Users/zhenhao/Desktop/EggMessageBoard/node_modules/egg-multipart/app/schedule/clean_tmpdir.js
2022-09-22 09:44:51,787 INFO 31474 [egg-schedule]: register schedule /Users/zhenhao/Desktop/EggMessageBoard/node_modules/egg-logrotator/app/schedule/clean_log.js
2022-09-22 09:44:51,787 INFO 31474 [egg-schedule]: register schedule /Users/zhenhao/Desktop/EggMessageBoard/node_modules/egg-logrotator/app/schedule/rotate_by_file.js
2022-09-22 09:44:57,287 INFO 31475 [egg-schedule]: register schedule /Users/zhenhao/Desktop/EggMessageBoard/node_modules/egg-multipart/app/schedule/clean_tmpdir.js
2022-09-22 09:44:57,287 INFO 31475 [egg-schedule]: register schedule /Users/zhenhao/Desktop/EggMessageBoard/node_modules/egg-logrotator/app/schedule/clean_log.js
2022-09-22 09:44:57,287 INFO 31475 [egg-schedule]: register schedule /Users/zhenhao/Desktop/EggMessageBoard/node_modules/egg-logrotator/app/schedule/rotate_by_file.js
2022-09-22 09:45:01,671 INFO 31476 [egg-schedule]: register schedule /Users/zhenhao/Desktop/EggMessageBoard/node_modules/egg-multipart/app/schedule/clean_tmpdir.js
2022-09-22 09:45:01,671 INFO 31476 [egg-schedule]: register schedule /Users/zhenhao/Desktop/EggMessageBoard/node_modules/egg-logrotator/app/schedule/clean_log.js
2022-09-22 09:45:01,671 INFO 31476 [egg-schedule]: register schedule /Users/zhenhao/Desktop/EggMessageBoard/node_modules/egg-logrotator/app/schedule/rotate_by_file.js
2022-09-22 09:45:04,009 INFO 31477 [egg-schedule]: register schedule /Users/zhenhao/Desktop/EggMessageBoard/node_modules/egg-multipart/app/schedule/clean_tmpdir.js
2022-09-22 09:45:04,009 INFO 31477 [egg-schedule]: register schedule /Users/zhenhao/Desktop/EggMessageBoard/node_modules/egg-logrotator/app/schedule/clean_log.js
2022-09-22 09:45:04,010 INFO 31477 [egg-schedule]: register schedule /Users/zhenhao/Desktop/EggMessageBoard/node_modules/egg-logrotator/app/schedule/rotate_by_file.js
2022-09-22 09:45:06,664 INFO 31478 [egg-schedule]: register schedule /Users/zhenhao/Desktop/EggMessageBoard/node_modules/egg-multipart/app/schedule/clean_tmpdir.js
2022-09-22 09:45:06,664 INFO 31478 [egg-schedule]: register schedule /Users/zhenhao/Desktop/EggMessageBoard/node_modules/egg-logrotator/app/schedule/clean_log.js
2022-09-22 09:45:06,664 INFO 31478 [egg-schedule]: register schedule /Users/zhenhao/Desktop/EggMessageBoard/node_modules/egg-logrotator/app/schedule/rotate_by_file.js
2022-09-22 09:45:27,994 INFO 31482 [egg-schedule]: register schedule /Users/zhenhao/Desktop/EggMessageBoard/node_modules/egg-multipart/app/schedule/clean_tmpdir.js
2022-09-22 09:45:27,994 INFO 31482 [egg-schedule]: register schedule /Users/zhenhao/Desktop/EggMessageBoard/node_modules/egg-logrotator/app/schedule/clean_log.js
2022-09-22 09:45:27,994 INFO 31482 [egg-schedule]: register schedule /Users/zhenhao/Desktop/EggMessageBoard/node_modules/egg-logrotator/app/schedule/rotate_by_file.js
2022-09-22 09:45:32,187 INFO 31483 [egg-schedule]: register schedule /Users/zhenhao/Desktop/EggMessageBoard/node_modules/egg-multipart/app/schedule/clean_tmpdir.js
2022-09-22 09:45:32,187 INFO 31483 [egg-schedule]: register schedule /Users/zhenhao/Desktop/EggMessageBoard/node_modules/egg-logrotator/app/schedule/clean_log.js
2022-09-22 09:45:32,187 INFO 31483 [egg-schedule]: register schedule /Users/zhenhao/Desktop/EggMessageBoard/node_modules/egg-logrotator/app/schedule/rotate_by_file.js
2022-09-22 09:46:10,067 INFO 31488 [egg-schedule]: register schedule /Users/zhenhao/Desktop/EggMessageBoard/node_modules/egg-multipart/app/schedule/clean_tmpdir.js
2022-09-22 09:46:10,067 INFO 31488 [egg-schedule]: register schedule /Users/zhenhao/Desktop/EggMessageBoard/node_modules/egg-logrotator/app/schedule/clean_log.js
2022-09-22 09:46:10,067 INFO 31488 [egg-schedule]: register schedule /Users/zhenhao/Desktop/EggMessageBoard/node_modules/egg-logrotator/app/schedule/rotate_by_file.js
2022-09-22 09:46:56,399 INFO 31500 [egg-schedule]: register schedule /Users/zhenhao/Desktop/EggMessageBoard/node_modules/egg-multipart/app/schedule/clean_tmpdir.js
2022-09-22 09:46:56,399 INFO 31500 [egg-schedule]: register schedule /Users/zhenhao/Desktop/EggMessageBoard/node_modules/egg-logrotator/app/schedule/clean_log.js
2022-09-22 09:46:56,399 INFO 31500 [egg-schedule]: register schedule /Users/zhenhao/Desktop/EggMessageBoard/node_modules/egg-logrotator/app/schedule/rotate_by_file.js
2022-09-22 09:47:30,878 INFO 31505 [egg-schedule]: register schedule /Users/zhenhao/Desktop/EggMessageBoard/node_modules/egg-multipart/app/schedule/clean_tmpdir.js
2022-09-22 09:47:30,878 INFO 31505 [egg-schedule]: register schedule /Users/zhenhao/Desktop/EggMessageBoard/node_modules/egg-logrotator/app/schedule/clean_log.js
2022-09-22 09:47:30,878 INFO 31505 [egg-schedule]: register schedule /Users/zhenhao/Desktop/EggMessageBoard/node_modules/egg-logrotator/app/schedule/rotate_by_file.js
2022-09-22 09:47:33,117 INFO 31506 [egg-schedule]: register schedule /Users/zhenhao/Desktop/EggMessageBoard/node_modules/egg-multipart/app/schedule/clean_tmpdir.js
2022-09-22 09:47:33,117 INFO 31506 [egg-schedule]: register schedule /Users/zhenhao/Desktop/EggMessageBoard/node_modules/egg-logrotator/app/schedule/clean_log.js
2022-09-22 09:47:33,117 INFO 31506 [egg-schedule]: register schedule /Users/zhenhao/Desktop/EggMessageBoard/node_modules/egg-logrotator/app/schedule/rotate_by_file.js
2022-09-22 09:47:35,585 INFO 31507 [egg-schedule]: register schedule /Users/zhenhao/Desktop/EggMessageBoard/node_modules/egg-multipart/app/schedule/clean_tmpdir.js
2022-09-22 09:47:35,585 INFO 31507 [egg-schedule]: register schedule /Users/zhenhao/Desktop/EggMessageBoard/node_modules/egg-logrotator/app/schedule/clean_log.js
2022-09-22 09:47:35,585 INFO 31507 [egg-schedule]: register schedule /Users/zhenhao/Desktop/EggMessageBoard/node_modules/egg-logrotator/app/schedule/rotate_by_file.js
2022-09-22 09:47:37,150 INFO 31508 [egg-schedule]: register schedule /Users/zhenhao/Desktop/EggMessageBoard/node_modules/egg-multipart/app/schedule/clean_tmpdir.js
2022-09-22 09:47:37,150 INFO 31508 [egg-schedule]: register schedule /Users/zhenhao/Desktop/EggMessageBoard/node_modules/egg-logrotator/app/schedule/clean_log.js
2022-09-22 09:47:37,150 INFO 31508 [egg-schedule]: register schedule /Users/zhenhao/Desktop/EggMessageBoard/node_modules/egg-logrotator/app/schedule/rotate_by_file.js
2022-09-22 09:47:42,776 INFO 31510 [egg-schedule]: register schedule /Users/zhenhao/Desktop/EggMessageBoard/node_modules/egg-multipart/app/schedule/clean_tmpdir.js
2022-09-22 09:47:42,776 INFO 31510 [egg-schedule]: register schedule /Users/zhenhao/Desktop/EggMessageBoard/node_modules/egg-logrotator/app/schedule/clean_log.js
2022-09-22 09:47:42,777 INFO 31510 [egg-schedule]: register schedule /Users/zhenhao/Desktop/EggMessageBoard/node_modules/egg-logrotator/app/schedule/rotate_by_file.js
2022-09-22 09:48:29,140 INFO 31525 [egg-schedule]: register schedule /Users/zhenhao/Desktop/EggMessageBoard/node_modules/egg-multipart/app/schedule/clean_tmpdir.js
2022-09-22 09:48:29,140 INFO 31525 [egg-schedule]: register schedule /Users/zhenhao/Desktop/EggMessageBoard/node_modules/egg-logrotator/app/schedule/clean_log.js
2022-09-22 09:48:29,140 INFO 31525 [egg-schedule]: register schedule /Users/zhenhao/Desktop/EggMessageBoard/node_modules/egg-logrotator/app/schedule/rotate_by_file.js
2022-09-22 09:48:34,777 INFO 31526 [egg-schedule]: register schedule /Users/zhenhao/Desktop/EggMessageBoard/node_modules/egg-multipart/app/schedule/clean_tmpdir.js
2022-09-22 09:48:34,777 INFO 31526 [egg-schedule]: register schedule /Users/zhenhao/Desktop/EggMessageBoard/node_modules/egg-logrotator/app/schedule/clean_log.js
2022-09-22 09:48:34,777 INFO 31526 [egg-schedule]: register schedule /Users/zhenhao/Desktop/EggMessageBoard/node_modules/egg-logrotator/app/schedule/rotate_by_file.js
2022-09-22 09:48:37,930 INFO 31527 [egg-schedule]: register schedule /Users/zhenhao/Desktop/EggMessageBoard/node_modules/egg-multipart/app/schedule/clean_tmpdir.js
2022-09-22 09:48:37,930 INFO 31527 [egg-schedule]: register schedule /Users/zhenhao/Desktop/EggMessageBoard/node_modules/egg-logrotator/app/schedule/clean_log.js
2022-09-22 09:48:37,930 INFO 31527 [egg-schedule]: register schedule /Users/zhenhao/Desktop/EggMessageBoard/node_modules/egg-logrotator/app/schedule/rotate_by_file.js
2022-09-22 09:48:41,891 INFO 31528 [egg-schedule]: register schedule /Users/zhenhao/Desktop/EggMessageBoard/node_modules/egg-multipart/app/schedule/clean_tmpdir.js
2022-09-22 09:48:41,891 INFO 31528 [egg-schedule]: register schedule /Users/zhenhao/Desktop/EggMessageBoard/node_modules/egg-logrotator/app/schedule/clean_log.js
2022-09-22 09:48:41,891 INFO 31528 [egg-schedule]: register schedule /Users/zhenhao/Desktop/EggMessageBoard/node_modules/egg-logrotator/app/schedule/rotate_by_file.js
2022-09-22 09:48:45,249 INFO 31529 [egg-schedule]: register schedule /Users/zhenhao/Desktop/EggMessageBoard/node_modules/egg-multipart/app/schedule/clean_tmpdir.js
2022-09-22 09:48:45,249 INFO 31529 [egg-schedule]: register schedule /Users/zhenhao/Desktop/EggMessageBoard/node_modules/egg-logrotator/app/schedule/clean_log.js
2022-09-22 09:48:45,249 INFO 31529 [egg-schedule]: register schedule /Users/zhenhao/Desktop/EggMessageBoard/node_modules/egg-logrotator/app/schedule/rotate_by_file.js
2022-09-22 09:48:48,116 INFO 31530 [egg-schedule]: register schedule /Users/zhenhao/Desktop/EggMessageBoard/node_modules/egg-multipart/app/schedule/clean_tmpdir.js
2022-09-22 09:48:48,116 INFO 31530 [egg-schedule]: register schedule /Users/zhenhao/Desktop/EggMessageBoard/node_modules/egg-logrotator/app/schedule/clean_log.js
2022-09-22 09:48:48,116 INFO 31530 [egg-schedule]: register schedule /Users/zhenhao/Desktop/EggMessageBoard/node_modules/egg-logrotator/app/schedule/rotate_by_file.js
2022-09-22 09:48:48,976 INFO 31531 [egg-schedule]: register schedule /Users/zhenhao/Desktop/EggMessageBoard/node_modules/egg-multipart/app/schedule/clean_tmpdir.js
2022-09-22 09:48:48,976 INFO 31531 [egg-schedule]: register schedule /Users/zhenhao/Desktop/EggMessageBoard/node_modules/egg-logrotator/app/schedule/clean_log.js
2022-09-22 09:48:48,976 INFO 31531 [egg-schedule]: register schedule /Users/zhenhao/Desktop/EggMessageBoard/node_modules/egg-logrotator/app/schedule/rotate_by_file.js
2022-09-22 09:48:57,338 INFO 31532 [egg-schedule]: register schedule /Users/zhenhao/Desktop/EggMessageBoard/node_modules/egg-multipart/app/schedule/clean_tmpdir.js
2022-09-22 09:48:57,338 INFO 31532 [egg-schedule]: register schedule /Users/zhenhao/Desktop/EggMessageBoard/node_modules/egg-logrotator/app/schedule/clean_log.js
2022-09-22 09:48:57,338 INFO 31532 [egg-schedule]: register schedule /Users/zhenhao/Desktop/EggMessageBoard/node_modules/egg-logrotator/app/schedule/rotate_by_file.js
2022-09-22 09:48:58,930 INFO 31533 [egg-schedule]: register schedule /Users/zhenhao/Desktop/EggMessageBoard/node_modules/egg-multipart/app/schedule/clean_tmpdir.js
2022-09-22 09:48:58,930 INFO 31533 [egg-schedule]: register schedule /Users/zhenhao/Desktop/EggMessageBoard/node_modules/egg-logrotator/app/schedule/clean_log.js
2022-09-22 09:48:58,930 INFO 31533 [egg-schedule]: register schedule /Users/zhenhao/Desktop/EggMessageBoard/node_modules/egg-logrotator/app/schedule/rotate_by_file.js
2022-09-22 09:49:01,228 INFO 31534 [egg-schedule]: register schedule /Users/zhenhao/Desktop/EggMessageBoard/node_modules/egg-multipart/app/schedule/clean_tmpdir.js
2022-09-22 09:49:01,228 INFO 31534 [egg-schedule]: register schedule /Users/zhenhao/Desktop/EggMessageBoard/node_modules/egg-logrotator/app/schedule/clean_log.js
2022-09-22 09:49:01,228 INFO 31534 [egg-schedule]: register schedule /Users/zhenhao/Desktop/EggMessageBoard/node_modules/egg-logrotator/app/schedule/rotate_by_file.js
2022-09-22 09:49:04,647 INFO 31535 [egg-schedule]: register schedule /Users/zhenhao/Desktop/EggMessageBoard/node_modules/egg-multipart/app/schedule/clean_tmpdir.js
2022-09-22 09:49:04,647 INFO 31535 [egg-schedule]: register schedule /Users/zhenhao/Desktop/EggMessageBoard/node_modules/egg-logrotator/app/schedule/clean_log.js
2022-09-22 09:49:04,647 INFO 31535 [egg-schedule]: register schedule /Users/zhenhao/Desktop/EggMessageBoard/node_modules/egg-logrotator/app/schedule/rotate_by_file.js
2022-09-22 09:49:13,218 INFO 31540 [egg-schedule]: register schedule /Users/zhenhao/Desktop/EggMessageBoard/node_modules/egg-multipart/app/schedule/clean_tmpdir.js
2022-09-22 09:49:13,218 INFO 31540 [egg-schedule]: register schedule /Users/zhenhao/Desktop/EggMessageBoard/node_modules/egg-logrotator/app/schedule/clean_log.js
2022-09-22 09:49:13,218 INFO 31540 [egg-schedule]: register schedule /Users/zhenhao/Desktop/EggMessageBoard/node_modules/egg-logrotator/app/schedule/rotate_by_file.js
2022-09-22 09:49:38,160 INFO 31549 [egg-schedule]: register schedule /Users/zhenhao/Desktop/EggMessageBoard/node_modules/egg-multipart/app/schedule/clean_tmpdir.js
2022-09-22 09:49:38,160 INFO 31549 [egg-schedule]: register schedule /Users/zhenhao/Desktop/EggMessageBoard/node_modules/egg-logrotator/app/schedule/clean_log.js
2022-09-22 09:49:38,160 INFO 31549 [egg-schedule]: register schedule /Users/zhenhao/Desktop/EggMessageBoard/node_modules/egg-logrotator/app/schedule/rotate_by_file.js
2022-09-22 09:50:02,342 INFO 31553 [egg-schedule]: register schedule /Users/zhenhao/Desktop/EggMessageBoard/node_modules/egg-multipart/app/schedule/clean_tmpdir.js
2022-09-22 09:50:02,342 INFO 31553 [egg-schedule]: register schedule /Users/zhenhao/Desktop/EggMessageBoard/node_modules/egg-logrotator/app/schedule/clean_log.js
2022-09-22 09:50:02,342 INFO 31553 [egg-schedule]: register schedule /Users/zhenhao/Desktop/EggMessageBoard/node_modules/egg-logrotator/app/schedule/rotate_by_file.js
2022-09-22 09:50:07,512 INFO 31554 [egg-schedule]: register schedule /Users/zhenhao/Desktop/EggMessageBoard/node_modules/egg-multipart/app/schedule/clean_tmpdir.js
2022-09-22 09:50:07,512 INFO 31554 [egg-schedule]: register schedule /Users/zhenhao/Desktop/EggMessageBoard/node_modules/egg-logrotator/app/schedule/clean_log.js
2022-09-22 09:50:07,512 INFO 31554 [egg-schedule]: register schedule /Users/zhenhao/Desktop/EggMessageBoard/node_modules/egg-logrotator/app/schedule/rotate_by_file.js
2022-09-22 09:50:09,834 INFO 31555 [egg-schedule]: register schedule /Users/zhenhao/Desktop/EggMessageBoard/node_modules/egg-multipart/app/schedule/clean_tmpdir.js
2022-09-22 09:50:09,834 INFO 31555 [egg-schedule]: register schedule /Users/zhenhao/Desktop/EggMessageBoard/node_modules/egg-logrotator/app/schedule/clean_log.js
2022-09-22 09:50:09,834 INFO 31555 [egg-schedule]: register schedule /Users/zhenhao/Desktop/EggMessageBoard/node_modules/egg-logrotator/app/schedule/rotate_by_file.js
2022-09-22 09:50:43,738 INFO 31560 [egg-schedule]: register schedule /Users/zhenhao/Desktop/EggMessageBoard/node_modules/egg-multipart/app/schedule/clean_tmpdir.js
2022-09-22 09:50:43,738 INFO 31560 [egg-schedule]: register schedule /Users/zhenhao/Desktop/EggMessageBoard/node_modules/egg-logrotator/app/schedule/clean_log.js
2022-09-22 09:50:43,738 INFO 31560 [egg-schedule]: register schedule /Users/zhenhao/Desktop/EggMessageBoard/node_modules/egg-logrotator/app/schedule/rotate_by_file.js
2022-09-22 09:50:57,440 INFO 31561 [egg-schedule]: register schedule /Users/zhenhao/Desktop/EggMessageBoard/node_modules/egg-multipart/app/schedule/clean_tmpdir.js
2022-09-22 09:50:57,440 INFO 31561 [egg-schedule]: register schedule /Users/zhenhao/Desktop/EggMessageBoard/node_modules/egg-logrotator/app/schedule/clean_log.js
2022-09-22 09:50:57,440 INFO 31561 [egg-schedule]: register schedule /Users/zhenhao/Desktop/EggMessageBoard/node_modules/egg-logrotator/app/schedule/rotate_by_file.js
2022-09-22 09:51:10,773 INFO 31562 [egg-schedule]: register schedule /Users/zhenhao/Desktop/EggMessageBoard/node_modules/egg-multipart/app/schedule/clean_tmpdir.js
2022-09-22 09:51:10,773 INFO 31562 [egg-schedule]: register schedule /Users/zhenhao/Desktop/EggMessageBoard/node_modules/egg-logrotator/app/schedule/clean_log.js
2022-09-22 09:51:10,774 INFO 31562 [egg-schedule]: register schedule /Users/zhenhao/Desktop/EggMessageBoard/node_modules/egg-logrotator/app/schedule/rotate_by_file.js
2022-09-22 09:51:18,059 INFO 31563 [egg-schedule]: register schedule /Users/zhenhao/Desktop/EggMessageBoard/node_modules/egg-multipart/app/schedule/clean_tmpdir.js
2022-09-22 09:51:18,059 INFO 31563 [egg-schedule]: register schedule /Users/zhenhao/Desktop/EggMessageBoard/node_modules/egg-logrotator/app/schedule/clean_log.js
2022-09-22 09:51:18,059 INFO 31563 [egg-schedule]: register schedule /Users/zhenhao/Desktop/EggMessageBoard/node_modules/egg-logrotator/app/schedule/rotate_by_file.js
2022-09-22 09:51:28,358 INFO 31564 [egg-schedule]: register schedule /Users/zhenhao/Desktop/EggMessageBoard/node_modules/egg-multipart/app/schedule/clean_tmpdir.js
2022-09-22 09:51:28,358 INFO 31564 [egg-schedule]: register schedule /Users/zhenhao/Desktop/EggMessageBoard/node_modules/egg-logrotator/app/schedule/clean_log.js
2022-09-22 09:51:28,358 INFO 31564 [egg-schedule]: register schedule /Users/zhenhao/Desktop/EggMessageBoard/node_modules/egg-logrotator/app/schedule/rotate_by_file.js
2022-09-22 09:54:24,325 INFO 31602 [egg-schedule]: register schedule /Users/zhenhao/Desktop/EggMessageBoard/node_modules/egg-multipart/app/schedule/clean_tmpdir.js
2022-09-22 09:54:24,325 INFO 31602 [egg-schedule]: register schedule /Users/zhenhao/Desktop/EggMessageBoard/node_modules/egg-logrotator/app/schedule/clean_log.js
2022-09-22 09:54:24,325 INFO 31602 [egg-schedule]: register schedule /Users/zhenhao/Desktop/EggMessageBoard/node_modules/egg-logrotator/app/schedule/rotate_by_file.js
2022-09-22 09:54:26,341 INFO 31604 [egg-schedule]: register schedule /Users/zhenhao/Desktop/EggMessageBoard/node_modules/egg-multipart/app/schedule/clean_tmpdir.js
2022-09-22 09:54:26,341 INFO 31604 [egg-schedule]: register schedule /Users/zhenhao/Desktop/EggMessageBoard/node_modules/egg-logrotator/app/schedule/clean_log.js
2022-09-22 09:54:26,341 INFO 31604 [egg-schedule]: register schedule /Users/zhenhao/Desktop/EggMessageBoard/node_modules/egg-logrotator/app/schedule/rotate_by_file.js
2022-09-22 09:54:32,230 INFO 31608 [egg-schedule]: register schedule /Users/zhenhao/Desktop/EggMessageBoard/node_modules/egg-multipart/app/schedule/clean_tmpdir.js
2022-09-22 09:54:32,230 INFO 31608 [egg-schedule]: register schedule /Users/zhenhao/Desktop/EggMessageBoard/node_modules/egg-logrotator/app/schedule/clean_log.js
2022-09-22 09:54:32,231 INFO 31608 [egg-schedule]: register schedule /Users/zhenhao/Desktop/EggMessageBoard/node_modules/egg-logrotator/app/schedule/rotate_by_file.js
2022-09-22 09:54:33,495 INFO 31609 [egg-schedule]: register schedule /Users/zhenhao/Desktop/EggMessageBoard/node_modules/egg-multipart/app/schedule/clean_tmpdir.js
2022-09-22 09:54:33,495 INFO 31609 [egg-schedule]: register schedule /Users/zhenhao/Desktop/EggMessageBoard/node_modules/egg-logrotator/app/schedule/clean_log.js
2022-09-22 09:54:33,495 INFO 31609 [egg-schedule]: register schedule /Users/zhenhao/Desktop/EggMessageBoard/node_modules/egg-logrotator/app/schedule/rotate_by_file.js
2022-09-22 09:54:39,032 INFO 31610 [egg-schedule]: register schedule /Users/zhenhao/Desktop/EggMessageBoard/node_modules/egg-multipart/app/schedule/clean_tmpdir.js
2022-09-22 09:54:39,032 INFO 31610 [egg-schedule]: register schedule /Users/zhenhao/Desktop/EggMessageBoard/node_modules/egg-logrotator/app/schedule/clean_log.js
2022-09-22 09:54:39,032 INFO 31610 [egg-schedule]: register schedule /Users/zhenhao/Desktop/EggMessageBoard/node_modules/egg-logrotator/app/schedule/rotate_by_file.js
2022-09-22 09:54:45,060 INFO 31611 [egg-schedule]: register schedule /Users/zhenhao/Desktop/EggMessageBoard/node_modules/egg-multipart/app/schedule/clean_tmpdir.js
2022-09-22 09:54:45,060 INFO 31611 [egg-schedule]: register schedule /Users/zhenhao/Desktop/EggMessageBoard/node_modules/egg-logrotator/app/schedule/clean_log.js
2022-09-22 09:54:45,061 INFO 31611 [egg-schedule]: register schedule /Users/zhenhao/Desktop/EggMessageBoard/node_modules/egg-logrotator/app/schedule/rotate_by_file.js
2022-09-22 09:54:46,423 INFO 31612 [egg-schedule]: register schedule /Users/zhenhao/Desktop/EggMessageBoard/node_modules/egg-multipart/app/schedule/clean_tmpdir.js
2022-09-22 09:54:46,423 INFO 31612 [egg-schedule]: register schedule /Users/zhenhao/Desktop/EggMessageBoard/node_modules/egg-logrotator/app/schedule/clean_log.js
2022-09-22 09:54:46,423 INFO 31612 [egg-schedule]: register schedule /Users/zhenhao/Desktop/EggMessageBoard/node_modules/egg-logrotator/app/schedule/rotate_by_file.js
2022-09-22 09:54:51,153 INFO 31613 [egg-schedule]: register schedule /Users/zhenhao/Desktop/EggMessageBoard/node_modules/egg-multipart/app/schedule/clean_tmpdir.js
2022-09-22 09:54:51,153 INFO 31613 [egg-schedule]: register schedule /Users/zhenhao/Desktop/EggMessageBoard/node_modules/egg-logrotator/app/schedule/clean_log.js
2022-09-22 09:54:51,153 INFO 31613 [egg-schedule]: register schedule /Users/zhenhao/Desktop/EggMessageBoard/node_modules/egg-logrotator/app/schedule/rotate_by_file.js
2022-09-22 09:54:53,726 INFO 31614 [egg-schedule]: register schedule /Users/zhenhao/Desktop/EggMessageBoard/node_modules/egg-multipart/app/schedule/clean_tmpdir.js
2022-09-22 09:54:53,726 INFO 31614 [egg-schedule]: register schedule /Users/zhenhao/Desktop/EggMessageBoard/node_modules/egg-logrotator/app/schedule/clean_log.js
2022-09-22 09:54:53,726 INFO 31614 [egg-schedule]: register schedule /Users/zhenhao/Desktop/EggMessageBoard/node_modules/egg-logrotator/app/schedule/rotate_by_file.js
2022-09-22 09:54:55,170 INFO 31615 [egg-schedule]: register schedule /Users/zhenhao/Desktop/EggMessageBoard/node_modules/egg-multipart/app/schedule/clean_tmpdir.js
2022-09-22 09:54:55,170 INFO 31615 [egg-schedule]: register schedule /Users/zhenhao/Desktop/EggMessageBoard/node_modules/egg-logrotator/app/schedule/clean_log.js
2022-09-22 09:54:55,170 INFO 31615 [egg-schedule]: register schedule /Users/zhenhao/Desktop/EggMessageBoard/node_modules/egg-logrotator/app/schedule/rotate_by_file.js
2022-09-22 09:55:00,913 INFO 31616 [egg-schedule]: register schedule /Users/zhenhao/Desktop/EggMessageBoard/node_modules/egg-multipart/app/schedule/clean_tmpdir.js
2022-09-22 09:55:00,913 INFO 31616 [egg-schedule]: register schedule /Users/zhenhao/Desktop/EggMessageBoard/node_modules/egg-logrotator/app/schedule/clean_log.js
2022-09-22 09:55:00,913 INFO 31616 [egg-schedule]: register schedule /Users/zhenhao/Desktop/EggMessageBoard/node_modules/egg-logrotator/app/schedule/rotate_by_file.js
2022-09-22 09:55:03,036 INFO 31617 [egg-schedule]: register schedule /Users/zhenhao/Desktop/EggMessageBoard/node_modules/egg-multipart/app/schedule/clean_tmpdir.js
2022-09-22 09:55:03,036 INFO 31617 [egg-schedule]: register schedule /Users/zhenhao/Desktop/EggMessageBoard/node_modules/egg-logrotator/app/schedule/clean_log.js
2022-09-22 09:55:03,036 INFO 31617 [egg-schedule]: register schedule /Users/zhenhao/Desktop/EggMessageBoard/node_modules/egg-logrotator/app/schedule/rotate_by_file.js
2022-09-22 09:55:04,902 INFO 31618 [egg-schedule]: register schedule /Users/zhenhao/Desktop/EggMessageBoard/node_modules/egg-multipart/app/schedule/clean_tmpdir.js
2022-09-22 09:55:04,902 INFO 31618 [egg-schedule]: register schedule /Users/zhenhao/Desktop/EggMessageBoard/node_modules/egg-logrotator/app/schedule/clean_log.js
2022-09-22 09:55:04,902 INFO 31618 [egg-schedule]: register schedule /Users/zhenhao/Desktop/EggMessageBoard/node_modules/egg-logrotator/app/schedule/rotate_by_file.js
2022-09-22 09:55:08,576 INFO 31619 [egg-schedule]: register schedule /Users/zhenhao/Desktop/EggMessageBoard/node_modules/egg-multipart/app/schedule/clean_tmpdir.js
2022-09-22 09:55:08,576 INFO 31619 [egg-schedule]: register schedule /Users/zhenhao/Desktop/EggMessageBoard/node_modules/egg-logrotator/app/schedule/clean_log.js
2022-09-22 09:55:08,576 INFO 31619 [egg-schedule]: register schedule /Users/zhenhao/Desktop/EggMessageBoard/node_modules/egg-logrotator/app/schedule/rotate_by_file.js
2022-09-22 09:55:10,425 INFO 31620 [egg-schedule]: register schedule /Users/zhenhao/Desktop/EggMessageBoard/node_modules/egg-multipart/app/schedule/clean_tmpdir.js
2022-09-22 09:55:10,425 INFO 31620 [egg-schedule]: register schedule /Users/zhenhao/Desktop/EggMessageBoard/node_modules/egg-logrotator/app/schedule/clean_log.js
2022-09-22 09:55:10,426 INFO 31620 [egg-schedule]: register schedule /Users/zhenhao/Desktop/EggMessageBoard/node_modules/egg-logrotator/app/schedule/rotate_by_file.js
2022-09-22 09:55:13,325 INFO 31623 [egg-schedule]: register schedule /Users/zhenhao/Desktop/EggMessageBoard/node_modules/egg-multipart/app/schedule/clean_tmpdir.js
2022-09-22 09:55:13,325 INFO 31623 [egg-schedule]: register schedule /Users/zhenhao/Desktop/EggMessageBoard/node_modules/egg-logrotator/app/schedule/clean_log.js
2022-09-22 09:55:13,325 INFO 31623 [egg-schedule]: register schedule /Users/zhenhao/Desktop/EggMessageBoard/node_modules/egg-logrotator/app/schedule/rotate_by_file.js
2022-09-22 09:56:38,571 INFO 31636 [egg-schedule]: register schedule /Users/zhenhao/Desktop/EggMessageBoard/node_modules/egg-multipart/app/schedule/clean_tmpdir.js
2022-09-22 09:56:38,571 INFO 31636 [egg-schedule]: register schedule /Users/zhenhao/Desktop/EggMessageBoard/node_modules/egg-logrotator/app/schedule/clean_log.js
2022-09-22 09:56:38,571 INFO 31636 [egg-schedule]: register schedule /Users/zhenhao/Desktop/EggMessageBoard/node_modules/egg-logrotator/app/schedule/rotate_by_file.js
2022-09-22 09:56:44,707 INFO 31637 [egg-schedule]: register schedule /Users/zhenhao/Desktop/EggMessageBoard/node_modules/egg-multipart/app/schedule/clean_tmpdir.js
2022-09-22 09:56:44,707 INFO 31637 [egg-schedule]: register schedule /Users/zhenhao/Desktop/EggMessageBoard/node_modules/egg-logrotator/app/schedule/clean_log.js
2022-09-22 09:56:44,707 INFO 31637 [egg-schedule]: register schedule /Users/zhenhao/Desktop/EggMessageBoard/node_modules/egg-logrotator/app/schedule/rotate_by_file.js
2022-09-22 09:56:49,647 INFO 31638 [egg-schedule]: register schedule /Users/zhenhao/Desktop/EggMessageBoard/node_modules/egg-multipart/app/schedule/clean_tmpdir.js
2022-09-22 09:56:49,647 INFO 31638 [egg-schedule]: register schedule /Users/zhenhao/Desktop/EggMessageBoard/node_modules/egg-logrotator/app/schedule/clean_log.js
2022-09-22 09:56:49,647 INFO 31638 [egg-schedule]: register schedule /Users/zhenhao/Desktop/EggMessageBoard/node_modules/egg-logrotator/app/schedule/rotate_by_file.js
2022-09-22 09:56:54,424 INFO 31639 [egg-schedule]: register schedule /Users/zhenhao/Desktop/EggMessageBoard/node_modules/egg-multipart/app/schedule/clean_tmpdir.js
2022-09-22 09:56:54,424 INFO 31639 [egg-schedule]: register schedule /Users/zhenhao/Desktop/EggMessageBoard/node_modules/egg-logrotator/app/schedule/clean_log.js
2022-09-22 09:56:54,425 INFO 31639 [egg-schedule]: register schedule /Users/zhenhao/Desktop/EggMessageBoard/node_modules/egg-logrotator/app/schedule/rotate_by_file.js
2022-09-22 09:57:00,613 INFO 31641 [egg-schedule]: register schedule /Users/zhenhao/Desktop/EggMessageBoard/node_modules/egg-multipart/app/schedule/clean_tmpdir.js
2022-09-22 09:57:00,613 INFO 31641 [egg-schedule]: register schedule /Users/zhenhao/Desktop/EggMessageBoard/node_modules/egg-logrotator/app/schedule/clean_log.js
2022-09-22 09:57:00,613 INFO 31641 [egg-schedule]: register schedule /Users/zhenhao/Desktop/EggMessageBoard/node_modules/egg-logrotator/app/schedule/rotate_by_file.js
2022-09-22 09:57:03,197 INFO 31642 [egg-schedule]: register schedule /Users/zhenhao/Desktop/EggMessageBoard/node_modules/egg-multipart/app/schedule/clean_tmpdir.js
2022-09-22 09:57:03,197 INFO 31642 [egg-schedule]: register schedule /Users/zhenhao/Desktop/EggMessageBoard/node_modules/egg-logrotator/app/schedule/clean_log.js
2022-09-22 09:57:03,197 INFO 31642 [egg-schedule]: register schedule /Users/zhenhao/Desktop/EggMessageBoard/node_modules/egg-logrotator/app/schedule/rotate_by_file.js
2022-09-22 09:57:04,243 INFO 31643 [egg-schedule]: register schedule /Users/zhenhao/Desktop/EggMessageBoard/node_modules/egg-multipart/app/schedule/clean_tmpdir.js
2022-09-22 09:57:04,243 INFO 31643 [egg-schedule]: register schedule /Users/zhenhao/Desktop/EggMessageBoard/node_modules/egg-logrotator/app/schedule/clean_log.js
2022-09-22 09:57:04,243 INFO 31643 [egg-schedule]: register schedule /Users/zhenhao/Desktop/EggMessageBoard/node_modules/egg-logrotator/app/schedule/rotate_by_file.js
2022-09-22 09:57:08,230 INFO 31644 [egg-schedule]: register schedule /Users/zhenhao/Desktop/EggMessageBoard/node_modules/egg-multipart/app/schedule/clean_tmpdir.js
2022-09-22 09:57:08,230 INFO 31644 [egg-schedule]: register schedule /Users/zhenhao/Desktop/EggMessageBoard/node_modules/egg-logrotator/app/schedule/clean_log.js
2022-09-22 09:57:08,230 INFO 31644 [egg-schedule]: register schedule /Users/zhenhao/Desktop/EggMessageBoard/node_modules/egg-logrotator/app/schedule/rotate_by_file.js
2022-09-22 09:57:10,212 INFO 31645 [egg-schedule]: register schedule /Users/zhenhao/Desktop/EggMessageBoard/node_modules/egg-multipart/app/schedule/clean_tmpdir.js
2022-09-22 09:57:10,212 INFO 31645 [egg-schedule]: register schedule /Users/zhenhao/Desktop/EggMessageBoard/node_modules/egg-logrotator/app/schedule/clean_log.js
2022-09-22 09:57:10,212 INFO 31645 [egg-schedule]: register schedule /Users/zhenhao/Desktop/EggMessageBoard/node_modules/egg-logrotator/app/schedule/rotate_by_file.js
2022-09-22 09:57:29,980 INFO 31647 [egg-schedule]: register schedule /Users/zhenhao/Desktop/EggMessageBoard/node_modules/egg-multipart/app/schedule/clean_tmpdir.js
2022-09-22 09:57:29,980 INFO 31647 [egg-schedule]: register schedule /Users/zhenhao/Desktop/EggMessageBoard/node_modules/egg-logrotator/app/schedule/clean_log.js
2022-09-22 09:57:29,980 INFO 31647 [egg-schedule]: register schedule /Users/zhenhao/Desktop/EggMessageBoard/node_modules/egg-logrotator/app/schedule/rotate_by_file.js
2022-09-22 09:57:32,325 INFO 31648 [egg-schedule]: register schedule /Users/zhenhao/Desktop/EggMessageBoard/node_modules/egg-multipart/app/schedule/clean_tmpdir.js
2022-09-22 09:57:32,325 INFO 31648 [egg-schedule]: register schedule /Users/zhenhao/Desktop/EggMessageBoard/node_modules/egg-logrotator/app/schedule/clean_log.js
2022-09-22 09:57:32,325 INFO 31648 [egg-schedule]: register schedule /Users/zhenhao/Desktop/EggMessageBoard/node_modules/egg-logrotator/app/schedule/rotate_by_file.js
2022-09-22 09:57:45,609 INFO 31655 [egg-schedule]: register schedule /Users/zhenhao/Desktop/EggMessageBoard/node_modules/egg-multipart/app/schedule/clean_tmpdir.js
2022-09-22 09:57:45,609 INFO 31655 [egg-schedule]: register schedule /Users/zhenhao/Desktop/EggMessageBoard/node_modules/egg-logrotator/app/schedule/clean_log.js
2022-09-22 09:57:45,609 INFO 31655 [egg-schedule]: register schedule /Users/zhenhao/Desktop/EggMessageBoard/node_modules/egg-logrotator/app/schedule/rotate_by_file.js
2022-09-22 09:58:33,365 INFO 31662 [egg-schedule]: register schedule /Users/zhenhao/Desktop/EggMessageBoard/node_modules/egg-multipart/app/schedule/clean_tmpdir.js
2022-09-22 09:58:33,365 INFO 31662 [egg-schedule]: register schedule /Users/zhenhao/Desktop/EggMessageBoard/node_modules/egg-logrotator/app/schedule/clean_log.js
2022-09-22 09:58:33,366 INFO 31662 [egg-schedule]: register schedule /Users/zhenhao/Desktop/EggMessageBoard/node_modules/egg-logrotator/app/schedule/rotate_by_file.js
2022-09-22 09:58:36,158 INFO 31664 [egg-schedule]: register schedule /Users/zhenhao/Desktop/EggMessageBoard/node_modules/egg-multipart/app/schedule/clean_tmpdir.js
2022-09-22 09:58:36,158 INFO 31664 [egg-schedule]: register schedule /Users/zhenhao/Desktop/EggMessageBoard/node_modules/egg-logrotator/app/schedule/clean_log.js
2022-09-22 09:58:36,158 INFO 31664 [egg-schedule]: register schedule /Users/zhenhao/Desktop/EggMessageBoard/node_modules/egg-logrotator/app/schedule/rotate_by_file.js
2022-09-22 09:58:44,205 INFO 31668 [egg-schedule]: register schedule /Users/zhenhao/Desktop/EggMessageBoard/node_modules/egg-multipart/app/schedule/clean_tmpdir.js
2022-09-22 09:58:44,205 INFO 31668 [egg-schedule]: register schedule /Users/zhenhao/Desktop/EggMessageBoard/node_modules/egg-logrotator/app/schedule/clean_log.js
2022-09-22 09:58:44,206 INFO 31668 [egg-schedule]: register schedule /Users/zhenhao/Desktop/EggMessageBoard/node_modules/egg-logrotator/app/schedule/rotate_by_file.js
2022-09-22 09:59:07,961 INFO 31669 [egg-schedule]: register schedule /Users/zhenhao/Desktop/EggMessageBoard/node_modules/egg-multipart/app/schedule/clean_tmpdir.js
2022-09-22 09:59:07,961 INFO 31669 [egg-schedule]: register schedule /Users/zhenhao/Desktop/EggMessageBoard/node_modules/egg-logrotator/app/schedule/clean_log.js
2022-09-22 09:59:07,961 INFO 31669 [egg-schedule]: register schedule /Users/zhenhao/Desktop/EggMessageBoard/node_modules/egg-logrotator/app/schedule/rotate_by_file.js
2022-09-22 09:59:12,868 INFO 31670 [egg-schedule]: register schedule /Users/zhenhao/Desktop/EggMessageBoard/node_modules/egg-multipart/app/schedule/clean_tmpdir.js
2022-09-22 09:59:12,868 INFO 31670 [egg-schedule]: register schedule /Users/zhenhao/Desktop/EggMessageBoard/node_modules/egg-logrotator/app/schedule/clean_log.js
2022-09-22 09:59:12,868 INFO 31670 [egg-schedule]: register schedule /Users/zhenhao/Desktop/EggMessageBoard/node_modules/egg-logrotator/app/schedule/rotate_by_file.js
2022-09-22 09:59:30,258 INFO 31672 [egg-schedule]: register schedule /Users/zhenhao/Desktop/EggMessageBoard/node_modules/egg-multipart/app/schedule/clean_tmpdir.js
2022-09-22 09:59:30,258 INFO 31672 [egg-schedule]: register schedule /Users/zhenhao/Desktop/EggMessageBoard/node_modules/egg-logrotator/app/schedule/clean_log.js
2022-09-22 09:59:30,258 INFO 31672 [egg-schedule]: register schedule /Users/zhenhao/Desktop/EggMessageBoard/node_modules/egg-logrotator/app/schedule/rotate_by_file.js
2022-09-22 09:59:53,626 INFO 31677 [egg-schedule]: register schedule /Users/zhenhao/Desktop/EggMessageBoard/node_modules/egg-multipart/app/schedule/clean_tmpdir.js
2022-09-22 09:59:53,626 INFO 31677 [egg-schedule]: register schedule /Users/zhenhao/Desktop/EggMessageBoard/node_modules/egg-logrotator/app/schedule/clean_log.js
2022-09-22 09:59:53,626 INFO 31677 [egg-schedule]: register schedule /Users/zhenhao/Desktop/EggMessageBoard/node_modules/egg-logrotator/app/schedule/rotate_by_file.js
2022-09-22 10:00:05,342 INFO 31678 [egg-schedule]: register schedule /Users/zhenhao/Desktop/EggMessageBoard/node_modules/egg-multipart/app/schedule/clean_tmpdir.js
2022-09-22 10:00:05,342 INFO 31678 [egg-schedule]: register schedule /Users/zhenhao/Desktop/EggMessageBoard/node_modules/egg-logrotator/app/schedule/clean_log.js
2022-09-22 10:00:05,342 INFO 31678 [egg-schedule]: register schedule /Users/zhenhao/Desktop/EggMessageBoard/node_modules/egg-logrotator/app/schedule/rotate_by_file.js
2022-09-22 10:00:07,726 INFO 31679 [egg-schedule]: register schedule /Users/zhenhao/Desktop/EggMessageBoard/node_modules/egg-multipart/app/schedule/clean_tmpdir.js
2022-09-22 10:00:07,726 INFO 31679 [egg-schedule]: register schedule /Users/zhenhao/Desktop/EggMessageBoard/node_modules/egg-logrotator/app/schedule/clean_log.js
2022-09-22 10:00:07,726 INFO 31679 [egg-schedule]: register schedule /Users/zhenhao/Desktop/EggMessageBoard/node_modules/egg-logrotator/app/schedule/rotate_by_file.js
2022-09-22 10:07:51,527 INFO 31714 [egg-schedule]: register schedule /Users/zhenhao/Desktop/EggMessageBoard/node_modules/egg-multipart/app/schedule/clean_tmpdir.js
2022-09-22 10:07:51,527 INFO 31714 [egg-schedule]: register schedule /Users/zhenhao/Desktop/EggMessageBoard/node_modules/egg-logrotator/app/schedule/clean_log.js
2022-09-22 10:07:51,527 INFO 31714 [egg-schedule]: register schedule /Users/zhenhao/Desktop/EggMessageBoard/node_modules/egg-logrotator/app/schedule/rotate_by_file.js
2022-09-22 10:09:05,847 INFO 31734 [egg-schedule]: register schedule /Users/zhenhao/Desktop/EggMessageBoard/node_modules/egg-multipart/app/schedule/clean_tmpdir.js
2022-09-22 10:09:05,847 INFO 31734 [egg-schedule]: register schedule /Users/zhenhao/Desktop/EggMessageBoard/node_modules/egg-logrotator/app/schedule/clean_log.js
2022-09-22 10:09:05,847 INFO 31734 [egg-schedule]: register schedule /Users/zhenhao/Desktop/EggMessageBoard/node_modules/egg-logrotator/app/schedule/rotate_by_file.js
2022-09-22 10:09:17,518 INFO 31744 [egg-schedule]: register schedule /Users/zhenhao/Desktop/EggMessageBoard/node_modules/egg-multipart/app/schedule/clean_tmpdir.js
2022-09-22 10:09:17,518 INFO 31744 [egg-schedule]: register schedule /Users/zhenhao/Desktop/EggMessageBoard/node_modules/egg-logrotator/app/schedule/clean_log.js
2022-09-22 10:09:17,518 INFO 31744 [egg-schedule]: register schedule /Users/zhenhao/Desktop/EggMessageBoard/node_modules/egg-logrotator/app/schedule/rotate_by_file.js
2022-09-22 10:09:26,338 INFO 31745 [egg-schedule]: register schedule /Users/zhenhao/Desktop/EggMessageBoard/node_modules/egg-multipart/app/schedule/clean_tmpdir.js
2022-09-22 10:09:26,338 INFO 31745 [egg-schedule]: register schedule /Users/zhenhao/Desktop/EggMessageBoard/node_modules/egg-logrotator/app/schedule/clean_log.js
2022-09-22 10:09:26,338 INFO 31745 [egg-schedule]: register schedule /Users/zhenhao/Desktop/EggMessageBoard/node_modules/egg-logrotator/app/schedule/rotate_by_file.js
2022-09-22 10:10:22,614 INFO 31757 [egg-schedule]: register schedule /Users/zhenhao/Desktop/EggMessageBoard/node_modules/egg-multipart/app/schedule/clean_tmpdir.js
2022-09-22 10:10:22,614 INFO 31757 [egg-schedule]: register schedule /Users/zhenhao/Desktop/EggMessageBoard/node_modules/egg-logrotator/app/schedule/clean_log.js
2022-09-22 10:10:22,614 INFO 31757 [egg-schedule]: register schedule /Users/zhenhao/Desktop/EggMessageBoard/node_modules/egg-logrotator/app/schedule/rotate_by_file.js
2022-09-22 10:10:27,241 INFO 31764 [egg-schedule]: register schedule /Users/zhenhao/Desktop/EggMessageBoard/node_modules/egg-multipart/app/schedule/clean_tmpdir.js
2022-09-22 10:10:27,241 INFO 31764 [egg-schedule]: register schedule /Users/zhenhao/Desktop/EggMessageBoard/node_modules/egg-logrotator/app/schedule/clean_log.js
2022-09-22 10:10:27,241 INFO 31764 [egg-schedule]: register schedule /Users/zhenhao/Desktop/EggMessageBoard/node_modules/egg-logrotator/app/schedule/rotate_by_file.js
2022-09-22 10:10:29,302 INFO 31765 [egg-schedule]: register schedule /Users/zhenhao/Desktop/EggMessageBoard/node_modules/egg-multipart/app/schedule/clean_tmpdir.js
2022-09-22 10:10:29,302 INFO 31765 [egg-schedule]: register schedule /Users/zhenhao/Desktop/EggMessageBoard/node_modules/egg-logrotator/app/schedule/clean_log.js
2022-09-22 10:10:29,302 INFO 31765 [egg-schedule]: register schedule /Users/zhenhao/Desktop/EggMessageBoard/node_modules/egg-logrotator/app/schedule/rotate_by_file.js
2022-09-22 10:10:32,972 INFO 31766 [egg-schedule]: register schedule /Users/zhenhao/Desktop/EggMessageBoard/node_modules/egg-multipart/app/schedule/clean_tmpdir.js
2022-09-22 10:10:32,972 INFO 31766 [egg-schedule]: register schedule /Users/zhenhao/Desktop/EggMessageBoard/node_modules/egg-logrotator/app/schedule/clean_log.js
2022-09-22 10:10:32,972 INFO 31766 [egg-schedule]: register schedule /Users/zhenhao/Desktop/EggMessageBoard/node_modules/egg-logrotator/app/schedule/rotate_by_file.js
2022-09-22 10:10:36,021 INFO 31767 [egg-schedule]: register schedule /Users/zhenhao/Desktop/EggMessageBoard/node_modules/egg-multipart/app/schedule/clean_tmpdir.js
2022-09-22 10:10:36,021 INFO 31767 [egg-schedule]: register schedule /Users/zhenhao/Desktop/EggMessageBoard/node_modules/egg-logrotator/app/schedule/clean_log.js
2022-09-22 10:10:36,021 INFO 31767 [egg-schedule]: register schedule /Users/zhenhao/Desktop/EggMessageBoard/node_modules/egg-logrotator/app/schedule/rotate_by_file.js
2022-09-22 10:10:42,627 INFO 31768 [egg-schedule]: register schedule /Users/zhenhao/Desktop/EggMessageBoard/node_modules/egg-multipart/app/schedule/clean_tmpdir.js
2022-09-22 10:10:42,627 INFO 31768 [egg-schedule]: register schedule /Users/zhenhao/Desktop/EggMessageBoard/node_modules/egg-logrotator/app/schedule/clean_log.js
2022-09-22 10:10:42,628 INFO 31768 [egg-schedule]: register schedule /Users/zhenhao/Desktop/EggMessageBoard/node_modules/egg-logrotator/app/schedule/rotate_by_file.js
2022-09-22 10:11:05,227 INFO 31769 [egg-schedule]: register schedule /Users/zhenhao/Desktop/EggMessageBoard/node_modules/egg-multipart/app/schedule/clean_tmpdir.js
2022-09-22 10:11:05,227 INFO 31769 [egg-schedule]: register schedule /Users/zhenhao/Desktop/EggMessageBoard/node_modules/egg-logrotator/app/schedule/clean_log.js
2022-09-22 10:11:05,228 INFO 31769 [egg-schedule]: register schedule /Users/zhenhao/Desktop/EggMessageBoard/node_modules/egg-logrotator/app/schedule/rotate_by_file.js
2022-09-22 10:11:09,960 INFO 31770 [egg-schedule]: register schedule /Users/zhenhao/Desktop/EggMessageBoard/node_modules/egg-multipart/app/schedule/clean_tmpdir.js
2022-09-22 10:11:09,960 INFO 31770 [egg-schedule]: register schedule /Users/zhenhao/Desktop/EggMessageBoard/node_modules/egg-logrotator/app/schedule/clean_log.js
2022-09-22 10:11:09,960 INFO 31770 [egg-schedule]: register schedule /Users/zhenhao/Desktop/EggMessageBoard/node_modules/egg-logrotator/app/schedule/rotate_by_file.js
2022-09-22 10:11:14,714 INFO 31772 [egg-schedule]: register schedule /Users/zhenhao/Desktop/EggMessageBoard/node_modules/egg-multipart/app/schedule/clean_tmpdir.js
2022-09-22 10:11:14,714 INFO 31772 [egg-schedule]: register schedule /Users/zhenhao/Desktop/EggMessageBoard/node_modules/egg-logrotator/app/schedule/clean_log.js
2022-09-22 10:11:14,714 INFO 31772 [egg-schedule]: register schedule /Users/zhenhao/Desktop/EggMessageBoard/node_modules/egg-logrotator/app/schedule/rotate_by_file.js
2022-09-22 10:11:21,116 INFO 31773 [egg-schedule]: register schedule /Users/zhenhao/Desktop/EggMessageBoard/node_modules/egg-multipart/app/schedule/clean_tmpdir.js
2022-09-22 10:11:21,116 INFO 31773 [egg-schedule]: register schedule /Users/zhenhao/Desktop/EggMessageBoard/node_modules/egg-logrotator/app/schedule/clean_log.js
2022-09-22 10:11:21,117 INFO 31773 [egg-schedule]: register schedule /Users/zhenhao/Desktop/EggMessageBoard/node_modules/egg-logrotator/app/schedule/rotate_by_file.js
2022-09-22 10:11:23,418 INFO 31774 [egg-schedule]: register schedule /Users/zhenhao/Desktop/EggMessageBoard/node_modules/egg-multipart/app/schedule/clean_tmpdir.js
2022-09-22 10:11:23,418 INFO 31774 [egg-schedule]: register schedule /Users/zhenhao/Desktop/EggMessageBoard/node_modules/egg-logrotator/app/schedule/clean_log.js
2022-09-22 10:11:23,418 INFO 31774 [egg-schedule]: register schedule /Users/zhenhao/Desktop/EggMessageBoard/node_modules/egg-logrotator/app/schedule/rotate_by_file.js
2022-09-22 10:12:40,623 INFO 31795 [egg-schedule]: register schedule /Users/zhenhao/Desktop/EggMessageBoard/node_modules/egg-multipart/app/schedule/clean_tmpdir.js
2022-09-22 10:12:40,623 INFO 31795 [egg-schedule]: register schedule /Users/zhenhao/Desktop/EggMessageBoard/node_modules/egg-logrotator/app/schedule/clean_log.js
2022-09-22 10:12:40,623 INFO 31795 [egg-schedule]: register schedule /Users/zhenhao/Desktop/EggMessageBoard/node_modules/egg-logrotator/app/schedule/rotate_by_file.js
2022-09-22 10:12:44,235 INFO 31798 [egg-schedule]: register schedule /Users/zhenhao/Desktop/EggMessageBoard/node_modules/egg-multipart/app/schedule/clean_tmpdir.js
2022-09-22 10:12:44,235 INFO 31798 [egg-schedule]: register schedule /Users/zhenhao/Desktop/EggMessageBoard/node_modules/egg-logrotator/app/schedule/clean_log.js
2022-09-22 10:12:44,235 INFO 31798 [egg-schedule]: register schedule /Users/zhenhao/Desktop/EggMessageBoard/node_modules/egg-logrotator/app/schedule/rotate_by_file.js
2022-09-22 10:14:52,223 INFO 31807 [egg-schedule]: register schedule /Users/zhenhao/Desktop/EggMessageBoard/node_modules/egg-multipart/app/schedule/clean_tmpdir.js
2022-09-22 10:14:52,223 INFO 31807 [egg-schedule]: register schedule /Users/zhenhao/Desktop/EggMessageBoard/node_modules/egg-logrotator/app/schedule/clean_log.js
2022-09-22 10:14:52,223 INFO 31807 [egg-schedule]: register schedule /Users/zhenhao/Desktop/EggMessageBoard/node_modules/egg-logrotator/app/schedule/rotate_by_file.js
2022-09-22 10:15:19,074 INFO 31812 [egg-schedule]: register schedule /Users/zhenhao/Desktop/EggMessageBoard/node_modules/egg-multipart/app/schedule/clean_tmpdir.js
2022-09-22 10:15:19,074 INFO 31812 [egg-schedule]: register schedule /Users/zhenhao/Desktop/EggMessageBoard/node_modules/egg-logrotator/app/schedule/clean_log.js
2022-09-22 10:15:19,074 INFO 31812 [egg-schedule]: register schedule /Users/zhenhao/Desktop/EggMessageBoard/node_modules/egg-logrotator/app/schedule/rotate_by_file.js
2022-09-22 10:15:22,531 INFO 31813 [egg-schedule]: register schedule /Users/zhenhao/Desktop/EggMessageBoard/node_modules/egg-multipart/app/schedule/clean_tmpdir.js
2022-09-22 10:15:22,531 INFO 31813 [egg-schedule]: register schedule /Users/zhenhao/Desktop/EggMessageBoard/node_modules/egg-logrotator/app/schedule/clean_log.js
2022-09-22 10:15:22,531 INFO 31813 [egg-schedule]: register schedule /Users/zhenhao/Desktop/EggMessageBoard/node_modules/egg-logrotator/app/schedule/rotate_by_file.js
2022-09-22 10:15:23,538 INFO 31814 [egg-schedule]: register schedule /Users/zhenhao/Desktop/EggMessageBoard/node_modules/egg-multipart/app/schedule/clean_tmpdir.js
2022-09-22 10:15:23,538 INFO 31814 [egg-schedule]: register schedule /Users/zhenhao/Desktop/EggMessageBoard/node_modules/egg-logrotator/app/schedule/clean_log.js
2022-09-22 10:15:23,538 INFO 31814 [egg-schedule]: register schedule /Users/zhenhao/Desktop/EggMessageBoard/node_modules/egg-logrotator/app/schedule/rotate_by_file.js
2022-09-22 10:15:49,438 INFO 31817 [egg-schedule]: register schedule /Users/zhenhao/Desktop/EggMessageBoard/node_modules/egg-multipart/app/schedule/clean_tmpdir.js
2022-09-22 10:15:49,438 INFO 31817 [egg-schedule]: register schedule /Users/zhenhao/Desktop/EggMessageBoard/node_modules/egg-logrotator/app/schedule/clean_log.js
2022-09-22 10:15:49,438 INFO 31817 [egg-schedule]: register schedule /Users/zhenhao/Desktop/EggMessageBoard/node_modules/egg-logrotator/app/schedule/rotate_by_file.js
2022-09-22 10:15:53,385 INFO 31818 [egg-schedule]: register schedule /Users/zhenhao/Desktop/EggMessageBoard/node_modules/egg-multipart/app/schedule/clean_tmpdir.js
2022-09-22 10:15:53,385 INFO 31818 [egg-schedule]: register schedule /Users/zhenhao/Desktop/EggMessageBoard/node_modules/egg-logrotator/app/schedule/clean_log.js
2022-09-22 10:15:53,385 INFO 31818 [egg-schedule]: register schedule /Users/zhenhao/Desktop/EggMessageBoard/node_modules/egg-logrotator/app/schedule/rotate_by_file.js
2022-09-22 10:15:56,040 INFO 31819 [egg-schedule]: register schedule /Users/zhenhao/Desktop/EggMessageBoard/node_modules/egg-multipart/app/schedule/clean_tmpdir.js
2022-09-22 10:15:56,040 INFO 31819 [egg-schedule]: register schedule /Users/zhenhao/Desktop/EggMessageBoard/node_modules/egg-logrotator/app/schedule/clean_log.js
2022-09-22 10:15:56,041 INFO 31819 [egg-schedule]: register schedule /Users/zhenhao/Desktop/EggMessageBoard/node_modules/egg-logrotator/app/schedule/rotate_by_file.js
2022-09-22 10:15:57,781 INFO 31820 [egg-schedule]: register schedule /Users/zhenhao/Desktop/EggMessageBoard/node_modules/egg-multipart/app/schedule/clean_tmpdir.js
2022-09-22 10:15:57,781 INFO 31820 [egg-schedule]: register schedule /Users/zhenhao/Desktop/EggMessageBoard/node_modules/egg-logrotator/app/schedule/clean_log.js
2022-09-22 10:15:57,781 INFO 31820 [egg-schedule]: register schedule /Users/zhenhao/Desktop/EggMessageBoard/node_modules/egg-logrotator/app/schedule/rotate_by_file.js
2022-09-22 10:16:23,163 INFO 31823 [egg-schedule]: register schedule /Users/zhenhao/Desktop/EggMessageBoard/node_modules/egg-multipart/app/schedule/clean_tmpdir.js
2022-09-22 10:16:23,163 INFO 31823 [egg-schedule]: register schedule /Users/zhenhao/Desktop/EggMessageBoard/node_modules/egg-logrotator/app/schedule/clean_log.js
2022-09-22 10:16:23,163 INFO 31823 [egg-schedule]: register schedule /Users/zhenhao/Desktop/EggMessageBoard/node_modules/egg-logrotator/app/schedule/rotate_by_file.js
2022-09-22 10:16:25,280 INFO 31824 [egg-schedule]: register schedule /Users/zhenhao/Desktop/EggMessageBoard/node_modules/egg-multipart/app/schedule/clean_tmpdir.js
2022-09-22 10:16:25,280 INFO 31824 [egg-schedule]: register schedule /Users/zhenhao/Desktop/EggMessageBoard/node_modules/egg-logrotator/app/schedule/clean_log.js
2022-09-22 10:16:25,280 INFO 31824 [egg-schedule]: register schedule /Users/zhenhao/Desktop/EggMessageBoard/node_modules/egg-logrotator/app/schedule/rotate_by_file.js
2022-09-22 10:16:28,145 INFO 31825 [egg-schedule]: register schedule /Users/zhenhao/Desktop/EggMessageBoard/node_modules/egg-multipart/app/schedule/clean_tmpdir.js
2022-09-22 10:16:28,145 INFO 31825 [egg-schedule]: register schedule /Users/zhenhao/Desktop/EggMessageBoard/node_modules/egg-logrotator/app/schedule/clean_log.js
2022-09-22 10:16:28,145 INFO 31825 [egg-schedule]: register schedule /Users/zhenhao/Desktop/EggMessageBoard/node_modules/egg-logrotator/app/schedule/rotate_by_file.js
2022-09-22 10:16:40,366 INFO 31827 [egg-schedule]: register schedule /Users/zhenhao/Desktop/EggMessageBoard/node_modules/egg-multipart/app/schedule/clean_tmpdir.js
2022-09-22 10:16:40,366 INFO 31827 [egg-schedule]: register schedule /Users/zhenhao/Desktop/EggMessageBoard/node_modules/egg-logrotator/app/schedule/clean_log.js
2022-09-22 10:16:40,367 INFO 31827 [egg-schedule]: register schedule /Users/zhenhao/Desktop/EggMessageBoard/node_modules/egg-logrotator/app/schedule/rotate_by_file.js
2022-09-22 10:16:48,357 INFO 31834 [egg-schedule]: register schedule /Users/zhenhao/Desktop/EggMessageBoard/node_modules/egg-multipart/app/schedule/clean_tmpdir.js
2022-09-22 10:16:48,357 INFO 31834 [egg-schedule]: register schedule /Users/zhenhao/Desktop/EggMessageBoard/node_modules/egg-logrotator/app/schedule/clean_log.js
2022-09-22 10:16:48,357 INFO 31834 [egg-schedule]: register schedule /Users/zhenhao/Desktop/EggMessageBoard/node_modules/egg-logrotator/app/schedule/rotate_by_file.js
2022-09-22 10:16:53,502 INFO 31835 [egg-schedule]: register schedule /Users/zhenhao/Desktop/EggMessageBoard/node_modules/egg-multipart/app/schedule/clean_tmpdir.js
2022-09-22 10:16:53,502 INFO 31835 [egg-schedule]: register schedule /Users/zhenhao/Desktop/EggMessageBoard/node_modules/egg-logrotator/app/schedule/clean_log.js
2022-09-22 10:16:53,503 INFO 31835 [egg-schedule]: register schedule /Users/zhenhao/Desktop/EggMessageBoard/node_modules/egg-logrotator/app/schedule/rotate_by_file.js
2022-09-22 10:17:00,443 INFO 31836 [egg-schedule]: register schedule /Users/zhenhao/Desktop/EggMessageBoard/node_modules/egg-multipart/app/schedule/clean_tmpdir.js
2022-09-22 10:17:00,443 INFO 31836 [egg-schedule]: register schedule /Users/zhenhao/Desktop/EggMessageBoard/node_modules/egg-logrotator/app/schedule/clean_log.js
2022-09-22 10:17:00,443 INFO 31836 [egg-schedule]: register schedule /Users/zhenhao/Desktop/EggMessageBoard/node_modules/egg-logrotator/app/schedule/rotate_by_file.js
2022-09-22 10:17:17,972 INFO 31840 [egg-schedule]: register schedule /Users/zhenhao/Desktop/EggMessageBoard/node_modules/egg-multipart/app/schedule/clean_tmpdir.js
2022-09-22 10:17:17,972 INFO 31840 [egg-schedule]: register schedule /Users/zhenhao/Desktop/EggMessageBoard/node_modules/egg-logrotator/app/schedule/clean_log.js
2022-09-22 10:17:17,972 INFO 31840 [egg-schedule]: register schedule /Users/zhenhao/Desktop/EggMessageBoard/node_modules/egg-logrotator/app/schedule/rotate_by_file.js
2022-09-22 10:17:33,705 INFO 31841 [egg-schedule]: register schedule /Users/zhenhao/Desktop/EggMessageBoard/node_modules/egg-multipart/app/schedule/clean_tmpdir.js
2022-09-22 10:17:33,705 INFO 31841 [egg-schedule]: register schedule /Users/zhenhao/Desktop/EggMessageBoard/node_modules/egg-logrotator/app/schedule/clean_log.js
2022-09-22 10:17:33,705 INFO 31841 [egg-schedule]: register schedule /Users/zhenhao/Desktop/EggMessageBoard/node_modules/egg-logrotator/app/schedule/rotate_by_file.js
2022-09-22 10:18:21,938 INFO 31854 [egg-schedule]: register schedule /Users/zhenhao/Desktop/EggMessageBoard/node_modules/egg-multipart/app/schedule/clean_tmpdir.js
2022-09-22 10:18:21,938 INFO 31854 [egg-schedule]: register schedule /Users/zhenhao/Desktop/EggMessageBoard/node_modules/egg-logrotator/app/schedule/clean_log.js
2022-09-22 10:18:21,938 INFO 31854 [egg-schedule]: register schedule /Users/zhenhao/Desktop/EggMessageBoard/node_modules/egg-logrotator/app/schedule/rotate_by_file.js
2022-09-22 10:18:25,272 INFO 31855 [egg-schedule]: register schedule /Users/zhenhao/Desktop/EggMessageBoard/node_modules/egg-multipart/app/schedule/clean_tmpdir.js
2022-09-22 10:18:25,272 INFO 31855 [egg-schedule]: register schedule /Users/zhenhao/Desktop/EggMessageBoard/node_modules/egg-logrotator/app/schedule/clean_log.js
2022-09-22 10:18:25,272 INFO 31855 [egg-schedule]: register schedule /Users/zhenhao/Desktop/EggMessageBoard/node_modules/egg-logrotator/app/schedule/rotate_by_file.js
2022-09-22 10:25:45,244 INFO 31903 [egg-schedule]: register schedule /Users/zhenhao/Desktop/EggMessageBoard/node_modules/egg-multipart/app/schedule/clean_tmpdir.js
2022-09-22 10:25:45,244 INFO 31903 [egg-schedule]: register schedule /Users/zhenhao/Desktop/EggMessageBoard/node_modules/egg-logrotator/app/schedule/clean_log.js
2022-09-22 10:25:45,244 INFO 31903 [egg-schedule]: register schedule /Users/zhenhao/Desktop/EggMessageBoard/node_modules/egg-logrotator/app/schedule/rotate_by_file.js
2022-09-22 10:25:55,421 INFO 31910 [egg-schedule]: register schedule /Users/zhenhao/Desktop/EggMessageBoard/node_modules/egg-multipart/app/schedule/clean_tmpdir.js
2022-09-22 10:25:55,421 INFO 31910 [egg-schedule]: register schedule /Users/zhenhao/Desktop/EggMessageBoard/node_modules/egg-logrotator/app/schedule/clean_log.js
2022-09-22 10:25:55,421 INFO 31910 [egg-schedule]: register schedule /Users/zhenhao/Desktop/EggMessageBoard/node_modules/egg-logrotator/app/schedule/rotate_by_file.js
2022-09-22 10:26:20,854 INFO 31914 [egg-schedule]: register schedule /Users/zhenhao/Desktop/EggMessageBoard/node_modules/egg-multipart/app/schedule/clean_tmpdir.js
2022-09-22 10:26:20,854 INFO 31914 [egg-schedule]: register schedule /Users/zhenhao/Desktop/EggMessageBoard/node_modules/egg-logrotator/app/schedule/clean_log.js
2022-09-22 10:26:20,854 INFO 31914 [egg-schedule]: register schedule /Users/zhenhao/Desktop/EggMessageBoard/node_modules/egg-logrotator/app/schedule/rotate_by_file.js
2022-09-22 10:26:24,851 INFO 31915 [egg-schedule]: register schedule /Users/zhenhao/Desktop/EggMessageBoard/node_modules/egg-multipart/app/schedule/clean_tmpdir.js
2022-09-22 10:26:24,852 INFO 31915 [egg-schedule]: register schedule /Users/zhenhao/Desktop/EggMessageBoard/node_modules/egg-logrotator/app/schedule/clean_log.js
2022-09-22 10:26:24,852 INFO 31915 [egg-schedule]: register schedule /Users/zhenhao/Desktop/EggMessageBoard/node_modules/egg-logrotator/app/schedule/rotate_by_file.js
2022-09-22 10:26:26,337 INFO 31916 [egg-schedule]: register schedule /Users/zhenhao/Desktop/EggMessageBoard/node_modules/egg-multipart/app/schedule/clean_tmpdir.js
2022-09-22 10:26:26,337 INFO 31916 [egg-schedule]: register schedule /Users/zhenhao/Desktop/EggMessageBoard/node_modules/egg-logrotator/app/schedule/clean_log.js
2022-09-22 10:26:26,337 INFO 31916 [egg-schedule]: register schedule /Users/zhenhao/Desktop/EggMessageBoard/node_modules/egg-logrotator/app/schedule/rotate_by_file.js
2022-09-22 10:27:10,293 INFO 31917 [egg-schedule]: register schedule /Users/zhenhao/Desktop/EggMessageBoard/node_modules/egg-multipart/app/schedule/clean_tmpdir.js
2022-09-22 10:27:10,293 INFO 31917 [egg-schedule]: register schedule /Users/zhenhao/Desktop/EggMessageBoard/node_modules/egg-logrotator/app/schedule/clean_log.js
2022-09-22 10:27:10,294 INFO 31917 [egg-schedule]: register schedule /Users/zhenhao/Desktop/EggMessageBoard/node_modules/egg-logrotator/app/schedule/rotate_by_file.js
2022-09-22 10:28:38,325 INFO 31944 [egg-schedule]: register schedule /Users/zhenhao/Desktop/EggMessageBoard/node_modules/egg-multipart/app/schedule/clean_tmpdir.js
2022-09-22 10:28:38,325 INFO 31944 [egg-schedule]: register schedule /Users/zhenhao/Desktop/EggMessageBoard/node_modules/egg-logrotator/app/schedule/clean_log.js
2022-09-22 10:28:38,325 INFO 31944 [egg-schedule]: register schedule /Users/zhenhao/Desktop/EggMessageBoard/node_modules/egg-logrotator/app/schedule/rotate_by_file.js
2022-09-22 10:28:42,659 INFO 31953 [egg-schedule]: register schedule /Users/zhenhao/Desktop/EggMessageBoard/node_modules/egg-multipart/app/schedule/clean_tmpdir.js
2022-09-22 10:28:42,659 INFO 31953 [egg-schedule]: register schedule /Users/zhenhao/Desktop/EggMessageBoard/node_modules/egg-logrotator/app/schedule/clean_log.js
2022-09-22 10:28:42,659 INFO 31953 [egg-schedule]: register schedule /Users/zhenhao/Desktop/EggMessageBoard/node_modules/egg-logrotator/app/schedule/rotate_by_file.js
2022-09-22 10:28:44,563 INFO 31954 [egg-schedule]: register schedule /Users/zhenhao/Desktop/EggMessageBoard/node_modules/egg-multipart/app/schedule/clean_tmpdir.js
2022-09-22 10:28:44,563 INFO 31954 [egg-schedule]: register schedule /Users/zhenhao/Desktop/EggMessageBoard/node_modules/egg-logrotator/app/schedule/clean_log.js
2022-09-22 10:28:44,563 INFO 31954 [egg-schedule]: register schedule /Users/zhenhao/Desktop/EggMessageBoard/node_modules/egg-logrotator/app/schedule/rotate_by_file.js
2022-09-22 10:28:49,471 INFO 31955 [egg-schedule]: register schedule /Users/zhenhao/Desktop/EggMessageBoard/node_modules/egg-multipart/app/schedule/clean_tmpdir.js
2022-09-22 10:28:49,471 INFO 31955 [egg-schedule]: register schedule /Users/zhenhao/Desktop/EggMessageBoard/node_modules/egg-logrotator/app/schedule/clean_log.js
2022-09-22 10:28:49,471 INFO 31955 [egg-schedule]: register schedule /Users/zhenhao/Desktop/EggMessageBoard/node_modules/egg-logrotator/app/schedule/rotate_by_file.js
2022-09-22 10:29:01,687 INFO 31956 [egg-schedule]: register schedule /Users/zhenhao/Desktop/EggMessageBoard/node_modules/egg-multipart/app/schedule/clean_tmpdir.js
2022-09-22 10:29:01,687 INFO 31956 [egg-schedule]: register schedule /Users/zhenhao/Desktop/EggMessageBoard/node_modules/egg-logrotator/app/schedule/clean_log.js
2022-09-22 10:29:01,687 INFO 31956 [egg-schedule]: register schedule /Users/zhenhao/Desktop/EggMessageBoard/node_modules/egg-logrotator/app/schedule/rotate_by_file.js
2022-09-22 10:29:07,467 INFO 31957 [egg-schedule]: register schedule /Users/zhenhao/Desktop/EggMessageBoard/node_modules/egg-multipart/app/schedule/clean_tmpdir.js
2022-09-22 10:29:07,467 INFO 31957 [egg-schedule]: register schedule /Users/zhenhao/Desktop/EggMessageBoard/node_modules/egg-logrotator/app/schedule/clean_log.js
2022-09-22 10:29:07,468 INFO 31957 [egg-schedule]: register schedule /Users/zhenhao/Desktop/EggMessageBoard/node_modules/egg-logrotator/app/schedule/rotate_by_file.js
2022-09-22 10:29:12,593 INFO 31958 [egg-schedule]: register schedule /Users/zhenhao/Desktop/EggMessageBoard/node_modules/egg-multipart/app/schedule/clean_tmpdir.js
2022-09-22 10:29:12,593 INFO 31958 [egg-schedule]: register schedule /Users/zhenhao/Desktop/EggMessageBoard/node_modules/egg-logrotator/app/schedule/clean_log.js
2022-09-22 10:29:12,593 INFO 31958 [egg-schedule]: register schedule /Users/zhenhao/Desktop/EggMessageBoard/node_modules/egg-logrotator/app/schedule/rotate_by_file.js
2022-09-22 10:29:13,854 INFO 31959 [egg-schedule]: register schedule /Users/zhenhao/Desktop/EggMessageBoard/node_modules/egg-multipart/app/schedule/clean_tmpdir.js
2022-09-22 10:29:13,854 INFO 31959 [egg-schedule]: register schedule /Users/zhenhao/Desktop/EggMessageBoard/node_modules/egg-logrotator/app/schedule/clean_log.js
2022-09-22 10:29:13,854 INFO 31959 [egg-schedule]: register schedule /Users/zhenhao/Desktop/EggMessageBoard/node_modules/egg-logrotator/app/schedule/rotate_by_file.js
2022-09-22 10:29:53,784 INFO 31977 [egg-schedule]: register schedule /Users/zhenhao/Desktop/EggMessageBoard/node_modules/egg-multipart/app/schedule/clean_tmpdir.js
2022-09-22 10:29:53,784 INFO 31977 [egg-schedule]: register schedule /Users/zhenhao/Desktop/EggMessageBoard/node_modules/egg-logrotator/app/schedule/clean_log.js
2022-09-22 10:29:53,784 INFO 31977 [egg-schedule]: register schedule /Users/zhenhao/Desktop/EggMessageBoard/node_modules/egg-logrotator/app/schedule/rotate_by_file.js
2022-09-22 10:30:02,539 INFO 31978 [egg-schedule]: register schedule /Users/zhenhao/Desktop/EggMessageBoard/node_modules/egg-multipart/app/schedule/clean_tmpdir.js
2022-09-22 10:30:02,539 INFO 31978 [egg-schedule]: register schedule /Users/zhenhao/Desktop/EggMessageBoard/node_modules/egg-logrotator/app/schedule/clean_log.js
2022-09-22 10:30:02,539 INFO 31978 [egg-schedule]: register schedule /Users/zhenhao/Desktop/EggMessageBoard/node_modules/egg-logrotator/app/schedule/rotate_by_file.js
2022-09-22 10:30:06,735 INFO 31980 [egg-schedule]: register schedule /Users/zhenhao/Desktop/EggMessageBoard/node_modules/egg-multipart/app/schedule/clean_tmpdir.js
2022-09-22 10:30:06,735 INFO 31980 [egg-schedule]: register schedule /Users/zhenhao/Desktop/EggMessageBoard/node_modules/egg-logrotator/app/schedule/clean_log.js
2022-09-22 10:30:06,735 INFO 31980 [egg-schedule]: register schedule /Users/zhenhao/Desktop/EggMessageBoard/node_modules/egg-logrotator/app/schedule/rotate_by_file.js
2022-09-22 10:30:07,936 INFO 31981 [egg-schedule]: register schedule /Users/zhenhao/Desktop/EggMessageBoard/node_modules/egg-multipart/app/schedule/clean_tmpdir.js
2022-09-22 10:30:07,936 INFO 31981 [egg-schedule]: register schedule /Users/zhenhao/Desktop/EggMessageBoard/node_modules/egg-logrotator/app/schedule/clean_log.js
2022-09-22 10:30:07,936 INFO 31981 [egg-schedule]: register schedule /Users/zhenhao/Desktop/EggMessageBoard/node_modules/egg-logrotator/app/schedule/rotate_by_file.js
2022-09-22 10:30:13,323 INFO 31982 [egg-schedule]: register schedule /Users/zhenhao/Desktop/EggMessageBoard/node_modules/egg-multipart/app/schedule/clean_tmpdir.js
2022-09-22 10:30:13,323 INFO 31982 [egg-schedule]: register schedule /Users/zhenhao/Desktop/EggMessageBoard/node_modules/egg-logrotator/app/schedule/clean_log.js
2022-09-22 10:30:13,323 INFO 31982 [egg-schedule]: register schedule /Users/zhenhao/Desktop/EggMessageBoard/node_modules/egg-logrotator/app/schedule/rotate_by_file.js
2022-09-22 10:30:22,824 INFO 31984 [egg-schedule]: register schedule /Users/zhenhao/Desktop/EggMessageBoard/node_modules/egg-multipart/app/schedule/clean_tmpdir.js
2022-09-22 10:30:22,825 INFO 31984 [egg-schedule]: register schedule /Users/zhenhao/Desktop/EggMessageBoard/node_modules/egg-logrotator/app/schedule/clean_log.js
2022-09-22 10:30:22,825 INFO 31984 [egg-schedule]: register schedule /Users/zhenhao/Desktop/EggMessageBoard/node_modules/egg-logrotator/app/schedule/rotate_by_file.js
2022-09-22 10:30:25,870 INFO 31985 [egg-schedule]: register schedule /Users/zhenhao/Desktop/EggMessageBoard/node_modules/egg-multipart/app/schedule/clean_tmpdir.js
2022-09-22 10:30:25,870 INFO 31985 [egg-schedule]: register schedule /Users/zhenhao/Desktop/EggMessageBoard/node_modules/egg-logrotator/app/schedule/clean_log.js
2022-09-22 10:30:25,870 INFO 31985 [egg-schedule]: register schedule /Users/zhenhao/Desktop/EggMessageBoard/node_modules/egg-logrotator/app/schedule/rotate_by_file.js
2022-09-22 10:30:30,446 INFO 31986 [egg-schedule]: register schedule /Users/zhenhao/Desktop/EggMessageBoard/node_modules/egg-multipart/app/schedule/clean_tmpdir.js
2022-09-22 10:30:30,446 INFO 31986 [egg-schedule]: register schedule /Users/zhenhao/Desktop/EggMessageBoard/node_modules/egg-logrotator/app/schedule/clean_log.js
2022-09-22 10:30:30,446 INFO 31986 [egg-schedule]: register schedule /Users/zhenhao/Desktop/EggMessageBoard/node_modules/egg-logrotator/app/schedule/rotate_by_file.js
2022-09-22 10:30:36,184 INFO 31987 [egg-schedule]: register schedule /Users/zhenhao/Desktop/EggMessageBoard/node_modules/egg-multipart/app/schedule/clean_tmpdir.js
2022-09-22 10:30:36,184 INFO 31987 [egg-schedule]: register schedule /Users/zhenhao/Desktop/EggMessageBoard/node_modules/egg-logrotator/app/schedule/clean_log.js
2022-09-22 10:30:36,185 INFO 31987 [egg-schedule]: register schedule /Users/zhenhao/Desktop/EggMessageBoard/node_modules/egg-logrotator/app/schedule/rotate_by_file.js
2022-09-22 10:31:29,886 INFO 31996 [egg-schedule]: register schedule /Users/zhenhao/Desktop/EggMessageBoard/node_modules/egg-multipart/app/schedule/clean_tmpdir.js
2022-09-22 10:31:29,886 INFO 31996 [egg-schedule]: register schedule /Users/zhenhao/Desktop/EggMessageBoard/node_modules/egg-logrotator/app/schedule/clean_log.js
2022-09-22 10:31:29,886 INFO 31996 [egg-schedule]: register schedule /Users/zhenhao/Desktop/EggMessageBoard/node_modules/egg-logrotator/app/schedule/rotate_by_file.js
2022-09-22 10:31:33,191 INFO 31998 [egg-schedule]: register schedule /Users/zhenhao/Desktop/EggMessageBoard/node_modules/egg-multipart/app/schedule/clean_tmpdir.js
2022-09-22 10:31:33,191 INFO 31998 [egg-schedule]: register schedule /Users/zhenhao/Desktop/EggMessageBoard/node_modules/egg-logrotator/app/schedule/clean_log.js
2022-09-22 10:31:33,191 INFO 31998 [egg-schedule]: register schedule /Users/zhenhao/Desktop/EggMessageBoard/node_modules/egg-logrotator/app/schedule/rotate_by_file.js
2022-09-22 10:31:39,142 INFO 31999 [egg-schedule]: register schedule /Users/zhenhao/Desktop/EggMessageBoard/node_modules/egg-multipart/app/schedule/clean_tmpdir.js
2022-09-22 10:31:39,142 INFO 31999 [egg-schedule]: register schedule /Users/zhenhao/Desktop/EggMessageBoard/node_modules/egg-logrotator/app/schedule/clean_log.js
2022-09-22 10:31:39,142 INFO 31999 [egg-schedule]: register schedule /Users/zhenhao/Desktop/EggMessageBoard/node_modules/egg-logrotator/app/schedule/rotate_by_file.js
2022-09-22 10:31:40,367 INFO 32000 [egg-schedule]: register schedule /Users/zhenhao/Desktop/EggMessageBoard/node_modules/egg-multipart/app/schedule/clean_tmpdir.js
2022-09-22 10:31:40,367 INFO 32000 [egg-schedule]: register schedule /Users/zhenhao/Desktop/EggMessageBoard/node_modules/egg-logrotator/app/schedule/clean_log.js
2022-09-22 10:31:40,367 INFO 32000 [egg-schedule]: register schedule /Users/zhenhao/Desktop/EggMessageBoard/node_modules/egg-logrotator/app/schedule/rotate_by_file.js
2022-09-22 10:31:44,550 INFO 32001 [egg-schedule]: register schedule /Users/zhenhao/Desktop/EggMessageBoard/node_modules/egg-multipart/app/schedule/clean_tmpdir.js
2022-09-22 10:31:44,550 INFO 32001 [egg-schedule]: register schedule /Users/zhenhao/Desktop/EggMessageBoard/node_modules/egg-logrotator/app/schedule/clean_log.js
2022-09-22 10:31:44,550 INFO 32001 [egg-schedule]: register schedule /Users/zhenhao/Desktop/EggMessageBoard/node_modules/egg-logrotator/app/schedule/rotate_by_file.js
2022-09-22 10:31:48,275 INFO 32002 [egg-schedule]: register schedule /Users/zhenhao/Desktop/EggMessageBoard/node_modules/egg-multipart/app/schedule/clean_tmpdir.js
2022-09-22 10:31:48,275 INFO 32002 [egg-schedule]: register schedule /Users/zhenhao/Desktop/EggMessageBoard/node_modules/egg-logrotator/app/schedule/clean_log.js
2022-09-22 10:31:48,275 INFO 32002 [egg-schedule]: register schedule /Users/zhenhao/Desktop/EggMessageBoard/node_modules/egg-logrotator/app/schedule/rotate_by_file.js
2022-09-22 10:31:55,931 INFO 32003 [egg-schedule]: register schedule /Users/zhenhao/Desktop/EggMessageBoard/node_modules/egg-multipart/app/schedule/clean_tmpdir.js
2022-09-22 10:31:55,931 INFO 32003 [egg-schedule]: register schedule /Users/zhenhao/Desktop/EggMessageBoard/node_modules/egg-logrotator/app/schedule/clean_log.js
2022-09-22 10:31:55,931 INFO 32003 [egg-schedule]: register schedule /Users/zhenhao/Desktop/EggMessageBoard/node_modules/egg-logrotator/app/schedule/rotate_by_file.js
2022-09-22 10:31:58,666 INFO 32004 [egg-schedule]: register schedule /Users/zhenhao/Desktop/EggMessageBoard/node_modules/egg-multipart/app/schedule/clean_tmpdir.js
2022-09-22 10:31:58,666 INFO 32004 [egg-schedule]: register schedule /Users/zhenhao/Desktop/EggMessageBoard/node_modules/egg-logrotator/app/schedule/clean_log.js
2022-09-22 10:31:58,666 INFO 32004 [egg-schedule]: register schedule /Users/zhenhao/Desktop/EggMessageBoard/node_modules/egg-logrotator/app/schedule/rotate_by_file.js
2022-09-22 10:32:02,907 INFO 32005 [egg-schedule]: register schedule /Users/zhenhao/Desktop/EggMessageBoard/node_modules/egg-multipart/app/schedule/clean_tmpdir.js
2022-09-22 10:32:02,907 INFO 32005 [egg-schedule]: register schedule /Users/zhenhao/Desktop/EggMessageBoard/node_modules/egg-logrotator/app/schedule/clean_log.js
2022-09-22 10:32:02,907 INFO 32005 [egg-schedule]: register schedule /Users/zhenhao/Desktop/EggMessageBoard/node_modules/egg-logrotator/app/schedule/rotate_by_file.js
2022-09-22 10:32:07,163 INFO 32006 [egg-schedule]: register schedule /Users/zhenhao/Desktop/EggMessageBoard/node_modules/egg-multipart/app/schedule/clean_tmpdir.js
2022-09-22 10:32:07,163 INFO 32006 [egg-schedule]: register schedule /Users/zhenhao/Desktop/EggMessageBoard/node_modules/egg-logrotator/app/schedule/clean_log.js
2022-09-22 10:32:07,163 INFO 32006 [egg-schedule]: register schedule /Users/zhenhao/Desktop/EggMessageBoard/node_modules/egg-logrotator/app/schedule/rotate_by_file.js
2022-09-22 10:32:08,685 INFO 32007 [egg-schedule]: register schedule /Users/zhenhao/Desktop/EggMessageBoard/node_modules/egg-multipart/app/schedule/clean_tmpdir.js
2022-09-22 10:32:08,685 INFO 32007 [egg-schedule]: register schedule /Users/zhenhao/Desktop/EggMessageBoard/node_modules/egg-logrotator/app/schedule/clean_log.js
2022-09-22 10:32:08,685 INFO 32007 [egg-schedule]: register schedule /Users/zhenhao/Desktop/EggMessageBoard/node_modules/egg-logrotator/app/schedule/rotate_by_file.js
2022-09-22 10:32:12,261 INFO 32009 [egg-schedule]: register schedule /Users/zhenhao/Desktop/EggMessageBoard/node_modules/egg-multipart/app/schedule/clean_tmpdir.js
2022-09-22 10:32:12,261 INFO 32009 [egg-schedule]: register schedule /Users/zhenhao/Desktop/EggMessageBoard/node_modules/egg-logrotator/app/schedule/clean_log.js
2022-09-22 10:32:12,261 INFO 32009 [egg-schedule]: register schedule /Users/zhenhao/Desktop/EggMessageBoard/node_modules/egg-logrotator/app/schedule/rotate_by_file.js
2022-09-22 10:32:14,668 INFO 32010 [egg-schedule]: register schedule /Users/zhenhao/Desktop/EggMessageBoard/node_modules/egg-multipart/app/schedule/clean_tmpdir.js
2022-09-22 10:32:14,668 INFO 32010 [egg-schedule]: register schedule /Users/zhenhao/Desktop/EggMessageBoard/node_modules/egg-logrotator/app/schedule/clean_log.js
2022-09-22 10:32:14,668 INFO 32010 [egg-schedule]: register schedule /Users/zhenhao/Desktop/EggMessageBoard/node_modules/egg-logrotator/app/schedule/rotate_by_file.js
2022-09-22 10:32:16,772 INFO 32011 [egg-schedule]: register schedule /Users/zhenhao/Desktop/EggMessageBoard/node_modules/egg-multipart/app/schedule/clean_tmpdir.js
2022-09-22 10:32:16,772 INFO 32011 [egg-schedule]: register schedule /Users/zhenhao/Desktop/EggMessageBoard/node_modules/egg-logrotator/app/schedule/clean_log.js
2022-09-22 10:32:16,772 INFO 32011 [egg-schedule]: register schedule /Users/zhenhao/Desktop/EggMessageBoard/node_modules/egg-logrotator/app/schedule/rotate_by_file.js
2022-09-22 10:32:18,268 INFO 32012 [egg-schedule]: register schedule /Users/zhenhao/Desktop/EggMessageBoard/node_modules/egg-multipart/app/schedule/clean_tmpdir.js
2022-09-22 10:32:18,268 INFO 32012 [egg-schedule]: register schedule /Users/zhenhao/Desktop/EggMessageBoard/node_modules/egg-logrotator/app/schedule/clean_log.js
2022-09-22 10:32:18,268 INFO 32012 [egg-schedule]: register schedule /Users/zhenhao/Desktop/EggMessageBoard/node_modules/egg-logrotator/app/schedule/rotate_by_file.js
2022-09-22 10:53:56,226 INFO 32816 [egg-schedule]: register schedule /Users/zhenhao/Desktop/EggMessageBoard/node_modules/egg-multipart/app/schedule/clean_tmpdir.js
2022-09-22 10:53:56,226 INFO 32816 [egg-schedule]: register schedule /Users/zhenhao/Desktop/EggMessageBoard/node_modules/egg-logrotator/app/schedule/clean_log.js
2022-09-22 10:53:56,226 INFO 32816 [egg-schedule]: register schedule /Users/zhenhao/Desktop/EggMessageBoard/node_modules/egg-logrotator/app/schedule/rotate_by_file.js
2022-09-22 10:53:58,258 INFO 32826 [egg-schedule]: register schedule /Users/zhenhao/Desktop/EggMessageBoard/node_modules/egg-multipart/app/schedule/clean_tmpdir.js
2022-09-22 10:53:58,259 INFO 32826 [egg-schedule]: register schedule /Users/zhenhao/Desktop/EggMessageBoard/node_modules/egg-logrotator/app/schedule/clean_log.js
2022-09-22 10:53:58,259 INFO 32826 [egg-schedule]: register schedule /Users/zhenhao/Desktop/EggMessageBoard/node_modules/egg-logrotator/app/schedule/rotate_by_file.js
2022-09-22 10:54:05,406 INFO 32834 [egg-schedule]: register schedule /Users/zhenhao/Desktop/EggMessageBoard/node_modules/egg-multipart/app/schedule/clean_tmpdir.js
2022-09-22 10:54:05,406 INFO 32834 [egg-schedule]: register schedule /Users/zhenhao/Desktop/EggMessageBoard/node_modules/egg-logrotator/app/schedule/clean_log.js
2022-09-22 10:54:05,406 INFO 32834 [egg-schedule]: register schedule /Users/zhenhao/Desktop/EggMessageBoard/node_modules/egg-logrotator/app/schedule/rotate_by_file.js
2022-09-22 10:54:08,114 INFO 32841 [egg-schedule]: register schedule /Users/zhenhao/Desktop/EggMessageBoard/node_modules/egg-multipart/app/schedule/clean_tmpdir.js
2022-09-22 10:54:08,114 INFO 32841 [egg-schedule]: register schedule /Users/zhenhao/Desktop/EggMessageBoard/node_modules/egg-logrotator/app/schedule/clean_log.js
2022-09-22 10:54:08,114 INFO 32841 [egg-schedule]: register schedule /Users/zhenhao/Desktop/EggMessageBoard/node_modules/egg-logrotator/app/schedule/rotate_by_file.js
2022-09-22 10:54:09,560 INFO 32845 [egg-schedule]: register schedule /Users/zhenhao/Desktop/EggMessageBoard/node_modules/egg-multipart/app/schedule/clean_tmpdir.js
2022-09-22 10:54:09,560 INFO 32845 [egg-schedule]: register schedule /Users/zhenhao/Desktop/EggMessageBoard/node_modules/egg-logrotator/app/schedule/clean_log.js
2022-09-22 10:54:09,560 INFO 32845 [egg-schedule]: register schedule /Users/zhenhao/Desktop/EggMessageBoard/node_modules/egg-logrotator/app/schedule/rotate_by_file.js
2022-09-22 10:54:36,068 INFO 32863 [egg-schedule]: register schedule /Users/zhenhao/Desktop/EggMessageBoard/node_modules/egg-multipart/app/schedule/clean_tmpdir.js
2022-09-22 10:54:36,068 INFO 32863 [egg-schedule]: register schedule /Users/zhenhao/Desktop/EggMessageBoard/node_modules/egg-logrotator/app/schedule/clean_log.js
2022-09-22 10:54:36,068 INFO 32863 [egg-schedule]: register schedule /Users/zhenhao/Desktop/EggMessageBoard/node_modules/egg-logrotator/app/schedule/rotate_by_file.js
